<?xml version="1.0" encoding="UTF-8"?>
<!-- Generated by org.testng.reporters.JUnitReportReporter -->
<testsuite hostname="LAPTOP-KFK9388M" failures="0" tests="7" name="ReadExcelHashMap" time="0.022" errors="0" timestamp="2023-03-03T15:30:30 IST" skipped="0">
  <testcase classname="ReadExcelHashMap" name="hash" time="0.002"/>
  <system-out/>
  <testcase classname="ReadExcelHashMap" name="hash" time="0.003"/>
  <system-out/>
  <testcase classname="ReadExcelHashMap" name="hash" time="0.007"/>
  <system-out/>
  <testcase classname="ReadExcelHashMap" name="hash" time="0.003"/>
  <system-out/>
  <testcase classname="ReadExcelHashMap" name="hash" time="0.003"/>
  <system-out/>
  <testcase classname="ReadExcelHashMap" name="hash" time="0.002"/>
  <system-out/>
  <testcase classname="ReadExcelHashMap" name="hash" time="0.002"/>
  <system-out/>
</testsuite> <!-- ReadExcelHashMap -->
