<?xml version="1.0" encoding="UTF-8"?>
<!-- Generated by org.testng.reporters.JUnitReportReporter -->
<testsuite hostname="LAPTOP-KFK9388M" failures="0" tests="8" name="ReadDataFromExcelHashMap1" time="0.123" errors="0" timestamp="2023-06-22T19:42:52 IST" skipped="0">
  <testcase classname="ReadDataFromExcelHashMap1" name="run" time="0.021"/>
  <system-out/>
  <testcase classname="ReadDataFromExcelHashMap1" name="run" time="0.005"/>
  <system-out/>
  <testcase classname="ReadDataFromExcelHashMap1" name="run" time="0.003"/>
  <system-out/>
  <testcase classname="ReadDataFromExcelHashMap1" name="run" time="0.043"/>
  <system-out/>
  <testcase classname="ReadDataFromExcelHashMap1" name="run" time="0.012"/>
  <system-out/>
  <testcase classname="ReadDataFromExcelHashMap1" name="run" time="0.030"/>
  <system-out/>
  <testcase classname="ReadDataFromExcelHashMap1" name="run" time="0.004"/>
  <system-out/>
  <testcase classname="ReadDataFromExcelHashMap1" name="run" time="0.005"/>
  <system-out/>
</testsuite> <!-- ReadDataFromExcelHashMap1 -->
