<?xml version="1.0" encoding="UTF-8"?>
<!-- Generated by org.testng.reporters.JUnitReportReporter -->
<testsuite hostname="LAPTOP-KFK9388M" failures="0" tests="2" name="display.Annotationss2" time="0.106" errors="0" timestamp="2023-03-10T14:11:27 IST" skipped="0">
  <testcase classname="display.Annotationss2" name="test4" time="0.009"/>
  <system-out/>
  <testcase classname="display.Annotationss2" name="test3" time="0.097"/>
  <system-out/>
</testsuite> <!-- display.Annotationss2 -->
