<?xml version="1.0" encoding="UTF-8"?>
<!-- Generated by org.testng.reporters.JUnitReportReporter -->
<testsuite hostname="LAPTOP-KFK9388M" failures="0" tests="2" name="display.Annotationss" time="0.099" errors="0" timestamp="2023-05-24T14:20:49 IST" skipped="0">
  <testcase classname="display.Annotationss" name="test2" time="0.055"/>
  <system-out/>
  <testcase classname="display.Annotationss" name="test1" time="0.044"/>
  <system-out/>
</testsuite> <!-- display.Annotationss -->
