<?xml version="1.0" encoding="UTF-8"?>
<!-- Generated by org.testng.reporters.JUnitReportReporter -->
<testsuite hostname="LAPTOP-KFK9388M" failures="0" tests="3" name="javaTest.AddToChart" time="31.321" errors="0" timestamp="2023-01-22T13:13:15 IST" skipped="0">
  <testcase classname="javaTest.AddToChart" name="verifyOrders" time="7.410"/>
  <system-out/>
  <testcase classname="javaTest.AddToChart" name="orderProduct" time="10.644"/>
  <system-out/>
  <testcase classname="javaTest.AddToChart" name="orderProduct" time="13.267"/>
  <system-out/>
</testsuite> <!-- javaTest.AddToChart -->
