<?xml version="1.0" encoding="UTF-8"?>
<!-- Generated by org.testng.reporters.JUnitReportReporter -->
<testsuite hostname="LAPTOP-KFK9388M" failures="0" tests="1" name="reusable.ReadDataFromExcel" time="1.619" errors="0" timestamp="2022-12-31T19:22:07 IST" skipped="0">
  <testcase classname="reusable.ReadDataFromExcel" name="getData" time="1.619"/>
  <system-out/>
</testsuite> <!-- reusable.ReadDataFromExcel -->
