<?xml version="1.0" encoding="UTF-8"?>
<!-- Generated by org.testng.reporters.JUnitReportReporter -->
<testsuite hostname="LAPTOP-KFK9388M" failures="0" tests="5" name="tests.Test1" time="0.024" errors="0" timestamp="2022-12-31T23:38:45 IST" skipped="0">
  <testcase classname="tests.Test1" name="testDataProvider" time="0.010"/>
  <system-out/>
  <testcase classname="tests.Test1" name="testDataProvider" time="0.004"/>
  <system-out/>
  <testcase classname="tests.Test1" name="testDataProvider" time="0.005"/>
  <system-out/>
  <testcase classname="tests.Test1" name="testDataProvider" time="0.003"/>
  <system-out/>
  <testcase classname="tests.Test1" name="testDataProvider" time="0.002"/>
  <system-out/>
</testsuite> <!-- tests.Test1 -->
