<?xml version="1.0" encoding="UTF-8"?>
<!-- Generated by org.testng.reporters.JUnitReportReporter -->
<testsuite hostname="LAPTOP-KFK9388M" failures="0" tests="1" name="webTable.WebTable2" time="9.679" errors="0" timestamp="2023-03-03T14:45:23 IST" skipped="0">
  <testcase classname="webTable.WebTable2" name="test" time="9.679"/>
  <system-out/>
</testsuite> <!-- webTable.WebTable2 -->
