<?xml version="1.0" encoding="UTF-8"?>
<!-- Generated by org.testng.reporters.JUnitReportReporter -->
<testsuite hostname="LAPTOP-KFK9388M" failures="0" tests="1" name="webTable.WebTable" time="42.558" errors="0" timestamp="2022-12-11T21:48:04 IST" skipped="0">
  <testcase classname="webTable.WebTable" name="main" time="42.558"/>
  <system-out>
    <![CDATA[Number of rows in a table: 7
Number of columns in table: 3
---------------------------------------------
column header Text: Company
Company is correct table header text
---------------------------------------------
column header Text: Contact
Contact is correct table header text
---------------------------------------------
column header Text: Country
Country is correct table header text
---------------------------------------------]]>
  </system-out>
</testsuite> <!-- webTable.WebTable -->
