<?xml version="1.0" encoding="UTF-8"?>
<!-- Generated by org.testng.reporters.JUnitReportReporter -->
<testsuite hostname="LAPTOP-KFK9388M" failures="0" tests="1" name="excel.ReadExcel" time="56.657" errors="0" timestamp="2022-07-01T22:45:20 IST" skipped="0">
  <testcase classname="excel.ReadExcel" name="main" time="56.657"/>
  <system-out>
    <![CDATA[Firefox Browser launched
Login is successfull
-------------------------------------
Firefox Browser launched
Login is successfull
-------------------------------------
Firefox Browser launched
Login User Name: Hello   password: dreams
Login Error message for invalid Details: Invalid Login
Login Error message status: It is displayed correct error message
-------------------------------------
Firefox Browser launched
Login User Name: hello   password: dreams
Login Error message for invalid Details: Invalid Login
Login Error message status: It is displayed correct error message
-------------------------------------
Firefox Browser launched
User Name :Hello
password: 
Alert message: Password not given!
Display correct Alert error message
-------------------------------------
Firefox Browser launched
User Name :hello
password: 
Alert message: Password not given!
Display correct Alert error message
-------------------------------------
Firefox Browser launched
User Name :
password: Dreams
Alert message: User Name not given!
Display correct Alert error message
-------------------------------------
Firefox Browser launched
User Name :
password: Dreams
Alert message: User Name not given!
Display correct Alert error message
-------------------------------------]]>
  </system-out>
</testsuite> <!-- excel.ReadExcel -->
