<?xml version="1.0" encoding="UTF-8"?>
<!-- Generated by org.testng.reporters.JUnitReportReporter -->
<testsuite hostname="LAPTOP-KFK9388M" failures="0" tests="1" name="ScreenShots.ScreenShot" time="5.654" errors="0" timestamp="2022-07-08T15:05:09 IST" skipped="0">
  <testcase classname="ScreenShots.ScreenShot" name="screenshot" time="5.654"/>
  <system-out/>
</testsuite> <!-- ScreenShots.ScreenShot -->
