<?xml version="1.0" encoding="UTF-8"?>
<!-- Generated by org.testng.reporters.JUnitReportReporter -->
<testsuite hostname="LAPTOP-KFK9388M" failures="0" tests="1" name="busTicketSearch.TicketSearch" time="16.856" errors="0" timestamp="2023-06-01T13:12:30 IST" skipped="0">
  <testcase classname="busTicketSearch.TicketSearch" name="main" time="16.856"/>
  <system-out/>
</testsuite> <!-- busTicketSearch.TicketSearch -->
