<?xml version="1.0" encoding="UTF-8"?>
<!-- Generated by org.testng.reporters.JUnitReportReporter -->
<testsuite hostname="LAPTOP-KFK9388M" failures="0" tests="7" name="testCase.LoginValidation" time="116.013" errors="0" timestamp="2023-06-03T21:14:59 IST" skipped="0">
  <testcase classname="testCase.LoginValidation" name="getPageTest" time="15.252"/>
  <system-out/>
  <testcase classname="testCase.LoginValidation" name="getPageTest" time="13.108"/>
  <system-out/>
  <testcase classname="testCase.LoginValidation" name="getPageTest" time="22.062"/>
  <system-out/>
  <testcase classname="testCase.LoginValidation" name="getPageTest" time="15.921"/>
  <system-out/>
  <testcase classname="testCase.LoginValidation" name="getPageTest" time="13.083"/>
  <system-out/>
  <testcase classname="testCase.LoginValidation" name="getPageTest" time="17.232"/>
  <system-out/>
  <testcase classname="testCase.LoginValidation" name="getPageTest" time="19.355"/>
  <system-out/>
</testsuite> <!-- testCase.LoginValidation -->
