<?xml version="1.0" encoding="UTF-8"?>
<!-- Generated by org.testng.reporters.JUnitReportReporter -->
<testsuite hostname="LAPTOP-KFK9388M" failures="0" tests="6" name="testCase.LoginPageErrorMessage" time="101.271" errors="0" timestamp="2023-06-05T07:09:47 IST" skipped="0">
  <testcase classname="testCase.LoginPageErrorMessage" name="verifyLoginMessage" time="17.242"/>
  <system-out/>
  <testcase classname="testCase.LoginPageErrorMessage" name="verifyLoginMessage" time="13.732"/>
  <system-out/>
  <testcase classname="testCase.LoginPageErrorMessage" name="verifyLoginMessage" time="17.528"/>
  <system-out/>
  <testcase classname="testCase.LoginPageErrorMessage" name="verifyLoginMessage" time="11.939"/>
  <system-out/>
  <testcase classname="testCase.LoginPageErrorMessage" name="verifyLoginMessage" time="21.108"/>
  <system-out/>
  <testcase classname="testCase.LoginPageErrorMessage" name="verifyLoginMessage" time="19.722"/>
  <system-out/>
</testsuite> <!-- testCase.LoginPageErrorMessage -->
