<?xml version="1.0" encoding="UTF-8"?>
<!-- Generated by org.testng.reporters.JUnitReportReporter -->
<testsuite hostname="LAPTOP-KFK9388M" failures="0" tests="2" name="testCase.cartPageTest" time="48.158" errors="0" timestamp="2023-06-03T21:24:20 IST" skipped="0">
  <testcase classname="testCase.cartPageTest" name="TestCase1" time="23.765"/>
  <system-out/>
  <testcase classname="testCase.cartPageTest" name="TestCase1" time="24.393"/>
  <system-out/>
</testsuite> <!-- testCase.cartPageTest -->
