<?xml version="1.0" encoding="UTF-8"?>
<!-- Generated by org.testng.reporters.JUnitReportReporter -->
<testsuite hostname="LAPTOP-KFK9388M" failures="0" tests="1" name="propertiesTest.LaunchGoogle" time="1.757" errors="0" timestamp="2022-10-02T16:38:50 IST" skipped="0">
  <testcase classname="propertiesTest.LaunchGoogle" name="enterUrl" time="1.757"/>
  <system-out/>
</testsuite> <!-- propertiesTest.LaunchGoogle -->
