<?xml version="1.0" encoding="UTF-8"?>
<!-- Generated by org.testng.reporters.JUnitReportReporter -->
<testsuite hostname="LAPTOP-KFK9388M" failures="0" tests="1" name="uploadAndDownload.UploadAndDownLoadFile" time="21.848" errors="0" timestamp="2023-01-21T20:48:21 IST" skipped="0">
  <testcase classname="uploadAndDownload.UploadAndDownLoadFile" name="file" time="21.848"/>
  <system-out/>
</testsuite> <!-- uploadAndDownload.UploadAndDownLoadFile -->
