<?xml version="1.0" encoding="UTF-8"?>
<!-- Generated by org.testng.reporters.JUnitReportReporter -->
<testsuite hostname="LAPTOP-KFK9388M" failures="0" tests="1" name="uploadAndDownload.FirefoxDownload" time="21.051" errors="0" timestamp="2023-01-06T11:44:29 IST" skipped="0">
  <testcase classname="uploadAndDownload.FirefoxDownload" name="download" time="21.051"/>
  <system-out/>
</testsuite> <!-- uploadAndDownload.FirefoxDownload -->
