<?xml version="1.0" encoding="UTF-8"?>
<!-- Generated by org.testng.reporters.JUnitReportReporter -->
<testsuite hostname="LAPTOP-KFK9388M" failures="0" tests="4" name="gamil.CreateAccountErrorMsg" time="44.866" errors="0" timestamp="2023-01-27T21:54:44 IST" skipped="0">
  <testcase classname="gamil.CreateAccountErrorMsg" name="nextbutton" time="9.336"/>
  <system-out>
    <![CDATA[Link status: true
error message: Enter first name
It display correct error message
error message: That username is taken. Try another.
It display correct error message
error message: Confirm your password
It display correct error message]]>
  </system-out>
  <testcase classname="gamil.CreateAccountErrorMsg" name="nextbutton" time="9.488"/>
  <system-out>
    <![CDATA[Link status: true
error message: Enter first name and surname
It display correct error message
error message: Choose a Gmail address
It display correct error message
error message: Enter a password
It display correct error message]]>
  </system-out>
  <testcase classname="gamil.CreateAccountErrorMsg" name="nextbutton" time="16.356"/>
  <system-out>
    <![CDATA[Link status: true]]>
  </system-out>
  <testcase classname="gamil.CreateAccountErrorMsg" name="nextbutton" time="9.686"/>
  <system-out>
    <![CDATA[Link status: true
error message: That username is taken. Try another.
It display correct error message
error message: Use 8 characters or more for your password
It display correct error message]]>
  </system-out>
</testsuite> <!-- gamil.CreateAccountErrorMsg -->
