<?xml version="1.0" encoding="UTF-8"?>
<!-- Generated by org.testng.reporters.JUnitReportReporter -->
<testsuite hostname="LAPTOP-KFK9388M" failures="0" tests="1" name="gamil.GmailLink" time="10.741" errors="0" timestamp="2023-01-27T21:55:43 IST" skipped="0">
  <testcase classname="gamil.GmailLink" name="main" time="10.741"/>
  <system-out>
    <![CDATA[Link status: true
Textbox inner text: First name
Textbox inner text: Last name
Textbox inner text: Username
Textbox inner text: Password
inner text in all text boxes are displayed correctly
username text: Username
username mail text: @gmail.com
Button text: Next
Link text: Sign in instead]]>
  </system-out>
</testsuite> <!-- gamil.GmailLink -->
